<?xml version="1.0" encoding="UTF-8"?>
<!-- Generated by org.testng.reporters.JUnitReportReporter -->
<testsuite hostname="DESKTOP-PSPSVDJ" failures="0" tests="4" name="Selenium.AutoPractices.udemyPract" time="7.368" errors="0" timestamp="2023-02-17T11:13:08 EST" skipped="0">
  <testcase classname="Selenium.AutoPractices.udemyPract" name="scrollToBottom" time="3.128"/>
  <system-out/>
  <testcase classname="Selenium.AutoPractices.udemyPract" name="focus" time="0.792"/>
  <system-out/>
  <testcase classname="Selenium.AutoPractices.udemyPract" name="scrollToTop" time="2.558"/>
  <system-out/>
  <testcase classname="Selenium.AutoPractices.udemyPract" name="cookies" time="0.890"/>
  <system-out/>
</testsuite> <!-- Selenium.AutoPractices.udemyPract -->
