<?xml version="1.0" encoding="UTF-8"?>
<!-- Generated by org.testng.reporters.JUnitReportReporter -->
<testsuite hostname="DESKTOP-PSPSVDJ" failures="0" tests="1" name="Selenium.AutoPractices.techListic" time="1.038" errors="0" timestamp="2023-02-16T19:11:00 EST" skipped="0">
  <testcase classname="Selenium.AutoPractices.techListic" name="htmlele" time="1.038"/>
  <system-out/>
</testsuite> <!-- Selenium.AutoPractices.techListic -->
