<?xml version="1.0" encoding="UTF-8"?>
<!-- Generated by org.testng.reporters.JUnitReportReporter -->
<testsuite hostname="DESKTOP-PSPSVDJ" failures="0" tests="2" name="Selenium.AutoPractices.nextgenAutoPract" time="3.043" errors="0" timestamp="2023-02-15T22:47:45 EST" skipped="0">
  <testcase classname="Selenium.AutoPractices.nextgenAutoPract" name="excersise1" time="1.273"/>
  <system-out/>
  <testcase classname="Selenium.AutoPractices.nextgenAutoPract" name="excercise2" time="1.770"/>
  <system-out/>
</testsuite> <!-- Selenium.AutoPractices.nextgenAutoPract -->
