<?xml version="1.0" encoding="UTF-8"?>
<!-- Generated by org.testng.reporters.JUnitReportReporter -->
<testsuite hostname="DESKTOP-PSPSVDJ" failures="0" tests="1" name="Selenium.AutoPractices.udemyPract_OOPS_Test" time="3.934" errors="0" timestamp="2023-02-17T23:12:22 EST" skipped="0">
  <testcase classname="Selenium.AutoPractices.udemyPract_OOPS_Test" name="checkout_Signup" time="3.934"/>
  <system-out/>
</testsuite> <!-- Selenium.AutoPractices.udemyPract_OOPS_Test -->
