<?xml version="1.0" encoding="UTF-8"?>
<!-- Generated by org.testng.reporters.JUnitReportReporter -->
<testsuite hostname="DESKTOP-PSPSVDJ" failures="0" tests="2" name="Selenium.AutoPractices.dataPro" time="0.018" errors="0" timestamp="2023-02-11T22:03:52 EST" skipped="0">
  <testcase classname="Selenium.AutoPractices.dataPro" name="login" time="0.003"/>
  <system-out/>
  <testcase classname="Selenium.AutoPractices.dataPro" name="login" time="0.015"/>
  <system-out/>
</testsuite> <!-- Selenium.AutoPractices.dataPro -->
